\BOOKMARK [1][-]{section.1}{Introduction}{}% 1
\BOOKMARK [1][-]{section.2}{Star Cluster Catalogs}{}% 2
\BOOKMARK [2][-]{subsection.2.1}{Galaxy sample and observations}{section.2}% 3
\BOOKMARK [2][-]{subsection.2.2}{Candidate star cluster selection and photometry}{section.2}% 4
\BOOKMARK [2][-]{subsection.2.3}{Human and Machine Learning \(ML\) morphological classification}{section.2}% 5
\BOOKMARK [2][-]{subsection.2.4}{Catalog structure and contents}{section.2}% 6
\BOOKMARK [1][-]{section.3}{Size and Depth of Cluster Samples}{}% 7
\BOOKMARK [2][-]{subsection.3.1}{How many star clusters and compact associations are found?}{section.3}% 8
\BOOKMARK [2][-]{subsection.3.2}{V-band magnitude distributions}{section.3}% 9
\BOOKMARK [1][-]{section.4}{Color-Color Diagrams: The PHANGS-HST 38 galaxy aggregate distribution}{}% 10
\BOOKMARK [2][-]{subsection.4.1}{Comparison of the C1, C2, C3 morphological classes and different color combinations}{section.4}% 11
\BOOKMARK [2][-]{subsection.4.2}{Comparison of human and machine-learning classified samples}{section.4}% 12
\BOOKMARK [2][-]{subsection.4.3}{Comparison of high and low mass clusters}{section.4}% 13
\BOOKMARK [2][-]{subsection.4.4}{Quantitative characterization}{section.4}% 14
\BOOKMARK [1][-]{section.5}{Color-Color Diagrams: Individual galaxies}{}% 15
\BOOKMARK [2][-]{subsection.5.1}{MS \046 the Young Cluster Locus \(YCL\)}{section.5}% 16
\BOOKMARK [2][-]{subsection.5.2}{MS \046 Middle Age Plume \(MAP\)}{section.5}% 17
\BOOKMARK [2][-]{subsection.5.3}{MS \046 Old Globular Cluster Clump \(OGC\)}{section.5}% 18
\BOOKMARK [1][-]{section.6}{An atlas of star cluster spatial distributions}{}% 19
\BOOKMARK [1][-]{section.7}{Galaxy morphology}{}% 20
\BOOKMARK [1][-]{section.8}{Relation of cluster population properties to MS and Galaxy Morphology}{}% 21
\BOOKMARK [2][-]{subsection.8.1}{Bars and central rings}{section.8}% 22
\BOOKMARK [2][-]{subsection.8.2}{Flocculent star formation}{section.8}% 23
\BOOKMARK [1][-]{section.9}{Discussion}{}% 24
\BOOKMARK [1][-]{section.10}{Summary}{}% 25
\BOOKMARK [1][-]{appendix.A}{Additional figures}{}% 26
